<?xml version="1.0" encoding="UTF-8"?>
<!-- Generated by org.testng.reporters.JUnitReportReporter -->
<testsuite skipped="0" hostname="selenium" name="findingelements.FindElementByID" tests="1" failures="0" timestamp="10 Dec 2017 01:02:15 GMT" time="0.091" errors="0">
  <testcase name="findElemenyByID" time="0.091" classname="findingelements.FindElementByID"/>
</testsuite> <!-- findingelements.FindElementByID -->
