<?xml version="1.0" encoding="UTF-8"?>
<!-- Generated by org.testng.reporters.JUnitReportReporter -->
<testsuite skipped="0" hostname="selenium" name="findingelements.FindByElements" tests="1" failures="0" timestamp="03 Feb 2018 14:42:53 GMT" time="0.302" errors="0">
  <testcase name="testFindElements" time="0.302" classname="findingelements.FindByElements"/>
</testsuite> <!-- findingelements.FindByElements -->
