<?xml version="1.0" encoding="UTF-8"?>
<!-- Generated by org.testng.reporters.JUnitReportReporter -->
<testsuite skipped="0" hostname="selenium" name="findingelements.FindElementByName" tests="1" failures="0" timestamp="10 Dec 2017 13:55:40 GMT" time="0.041" errors="0">
  <testcase name="findElemenyByName" time="0.041" classname="findingelements.FindElementByName"/>
</testsuite> <!-- findingelements.FindElementByName -->
